<?xml version="1.0" encoding="UTF-8"?>
<testsuite xmlns:xsi="http://www.w3.org/2001/XMLSchema-instance" xsi:noNamespaceSchemaLocation="https://maven.apache.org/surefire/maven-surefire-plugin/xsd/surefire-test-report.xsd" version="3.0.2" name="com.quantity.measurement.MeasurementApplicationTests" time="0.599" tests="301" errors="0" skipped="0" failures="0">
  <properties>
[...]
</properties>
  <testcase name="testEquality_GramToKilogram_EquivalentValue" classname="com.quantity.measurement.MeasurementApplicationTests" time="0.025"/>
  <testcase name="testConversion_LitreToMillilitre" classname="com.quantity.measurement.MeasurementApplicationTests" time="0.003"/>
  <testcase name="testDivision_WeightUnits" classname="com.quantity.measurement.MeasurementApplicationTests" time="0.007"/>
  <testcase name="testTemperatureUnsupportedOperation_ErrorMessage" classname="com.quantity.measurement.MeasurementApplicationTests" time="0.012"/>
  <testcase name="testAddition_ExplicitTargetUnit_SameAsFirstOperand" classname="com.quantity.measurement.MeasurementApplicationTests" time="0.01"/>
  <testcase name="testConversion_FeetToYards" classname="com.quantity.measurement.MeasurementApplicationTests" time="0.002"/>
  <testcase name="testEquality_YardToFeet_NonEquivalentValue" classname="com.quantity.measurement.MeasurementApplicationTests" time="0.003"/>
  <testcase name="testSubtraction_DifferentMeasurementTypes" classname="com.quantity.measurement.MeasurementApplicationTests" time="0.003"/>
  <testcase name="testDivision_WithSmallRatio" classname="com.quantity.measurement.MeasurementApplicationTests" time="0.001"/>
  <testcase name="testGenericQuantity_WeightOperations_Conversion" classname="com.quantity.measurement.MeasurementApplicationTests" time="0.001"/>
  <testcase name="testLengthUnitEnum_YardsConstant" classname="com.quantity.measurement.MeasurementApplicationTests" time="0.002"/>
  <testcase name="testEquality_CentimetersToInches_EquivalentValue" classname="com.quantity.measurement.MeasurementApplicationTests" time="0.001"/>
  <testcase name="testTemperatureEquality_CelsiusToKelvin_0Celsius" classname="com.quantity.measurement.MeasurementApplicationTests" time="0.002"/>
  <testcase name="testConvertFromBaseUnit_LitreToGallon" classname="com.quantity.measurement.MeasurementApplicationTests" time="0.002"/>
  <testcase name="testEquality_VolumeVsWeight_Incompatible" classname="com.quantity.measurement.MeasurementApplicationTests" time="0.002"/>
  <testcase name="testEquality_FeetToYard_EquivalentValue" classname="com.quantity.measurement.MeasurementApplicationTests" time="0.003"/>
  <testcase name="testGenericBoundedTypeParameter_Enforcement" classname="com.quantity.measurement.MeasurementApplicationTests" time="0.003"/>
  <testcase name="testAddition_ExplicitTargetUnit_Feet" classname="com.quantity.measurement.MeasurementApplicationTests" time="0.008"/>
  <testcase name="testSubtraction_ExplicitTargetUnit_Feet" classname="com.quantity.measurement.MeasurementApplicationTests" time="0.004"/>
  <testcase name="testSubtraction_AllMeasurementCategories" classname="com.quantity.measurement.MeasurementApplicationTests" time="0.004"/>
  <testcase name="testEquality_GallonToLitre_EquivalentValue" classname="com.quantity.measurement.MeasurementApplicationTests" time="0.004"/>
  <testcase name="testTemperatureUnit_NonLinearConversion" classname="com.quantity.measurement.MeasurementApplicationTests" time="0.002"/>
  <testcase name="testConvertToBaseUnit_MillilitreToLitre" classname="com.quantity.measurement.MeasurementApplicationTests" time="0.002"/>
  <testcase name="testTemperatureUnsupportedOperation_Divide" classname="com.quantity.measurement.MeasurementApplicationTests" time="0.007"/>
  <testcase name="testSubtraction_SameUnit" classname="com.quantity.measurement.MeasurementApplicationTests" time="0.002"/>
  <testcase name="testConvertToBaseUnit_FeetToFeet" classname="com.quantity.measurement.MeasurementApplicationTests" time="0.001"/>
  <testcase name="testDivision_NearZero" classname="com.quantity.measurement.MeasurementApplicationTests" time="0.004"/>
  <testcase name="testDivision_SameUnit_LitreDividedByLitre" classname="com.quantity.measurement.MeasurementApplicationTests" time="0.003"/>
  <testcase name="testEquality_Same_Reference" classname="com.quantity.measurement.MeasurementApplicationTests" time="0.003"/>
  <testcase name="testAddition_ExplicitTargetUnit_SmallToLargeScale" classname="com.quantity.measurement.MeasurementApplicationTests" time="0.002"/>
  <testcase name="testArchitecturalScalability_MultipleCategories" classname="com.quantity.measurement.MeasurementApplicationTests" time="0.001"/>
  <testcase name="testImmutability_SubtractOperation" classname="com.quantity.measurement.MeasurementApplicationTests" time="0.004"/>
  <testcase name="testSubtraction_WithNegativeValues" classname="com.quantity.measurement.MeasurementApplicationTests" time="0.001"/>
  <testcase name="testConversion_PrecisionTolerance" classname="com.quantity.measurement.MeasurementApplicationTests" time="0.001"/>
  <testcase name="testEquality_MillilitreToLitre_EquivalentValue" classname="com.quantity.measurement.MeasurementApplicationTests" time="0.001"/>
  <testcase name="testAddition_ExplicitTargetUnit_Commutativity" classname="com.quantity.measurement.MeasurementApplicationTests" time="0.002"/>
  <testcase name="testDivision_DifferentMeasurementTypes" classname="com.quantity.measurement.MeasurementApplicationTests" time="0.001"/>
  <testcase name="testAddition_ExplicitTargetUnit_NullTargetUnit" classname="com.quantity.measurement.MeasurementApplicationTests" time="0.002"/>
  <testcase name="testEquality_AllUnits_ComplexScenario" classname="com.quantity.measurement.MeasurementApplicationTests" time="0.001"/>
  <testcase name="test_Addition_NegativeValues" classname="com.quantity.measurement.MeasurementApplicationTests" time="0.002"/>
  <testcase name="testEquality_LitreToGallon_EquivalentValue" classname="com.quantity.measurement.MeasurementApplicationTests" time="0.001"/>
  <testcase name="testTemperatureUnsupportedOperation_Subtract" classname="com.quantity.measurement.MeasurementApplicationTests" time="0.001"/>
  <testcase name="testSubtraction_NullTargetUnit" classname="com.quantity.measurement.MeasurementApplicationTests" time="0.001"/>
  <testcase name="testTemperatureVsVolumeIncompatibility" classname="com.quantity.measurement.MeasurementApplicationTests" time="0.003"/>
  <testcase name="testAddition_Negative_Values" classname="com.quantity.measurement.MeasurementApplicationTests" time="0.001"/>
  <testcase name="test_Conversion_Same_Unit" classname="com.quantity.measurement.MeasurementApplicationTests" time="0.001"/>
  <testcase name="testEquality_CentimetersNullComparison" classname="com.quantity.measurement.MeasurementApplicationTests" time="0.001"/>
  <testcase name="testBackwardCompatibility_AllUC1Through10Tests" classname="com.quantity.measurement.MeasurementApplicationTests" time="0.001"/>
  <testcase name="testEquality_TransitiveProperty_Weight" classname="com.quantity.measurement.MeasurementApplicationTests" time="0.001"/>
  <testcase name="test__Addition_Commutativity" classname="com.quantity.measurement.MeasurementApplicationTests" time="0.001"/>
  <testcase name="testRoundTripConversion_RefactoredDesign" classname="com.quantity.measurement.MeasurementApplicationTests" time="0.0"/>
  <testcase name="testTemperatureConversion_ZeroValue" classname="com.quantity.measurement.MeasurementApplicationTests" time="0.001"/>
  <testcase name="testQuantityLengthRefactored_InvalidValue" classname="com.quantity.measurement.MeasurementApplicationTests" time="0.002"/>
  <testcase name="testSubtraction_PrecisionAndRounding" classname="com.quantity.measurement.MeasurementApplicationTests" time="0.001"/>
  <testcase name="testSubtraction_NullOperand" classname="com.quantity.measurement.MeasurementApplicationTests" time="0.001"/>
  <testcase name="testAddition_ExplicitTargetUnit_LargeToSmallScale" classname="com.quantity.measurement.MeasurementApplicationTests" time="0.001"/>
  <testcase name="testSubtraction_WithZeroOperand" classname="com.quantity.measurement.MeasurementApplicationTests" time="0.001"/>
  <testcase name="testConversion_InvalidUnit_Throws" classname="com.quantity.measurement.MeasurementApplicationTests" time="0.002"/>
  <testcase name="testSubtraction_CrossUnit_FeetMinusInches" classname="com.quantity.measurement.MeasurementApplicationTests" time="0.001"/>
  <testcase name="testSubtraction_RoundingCheck" classname="com.quantity.measurement.MeasurementApplicationTests" time="0.0"/>
  <testcase name="testDivision_RatioEqualToOne" classname="com.quantity.measurement.MeasurementApplicationTests" time="0.0"/>
  <testcase name="testAddition_NullSecondOperand" classname="com.quantity.measurement.MeasurementApplicationTests" time="0.001"/>
  <testcase name="testCrossCategoryPrevention_CompilerTypeSafety" classname="com.quantity.measurement.MeasurementApplicationTests" time="0.0"/>
  <testcase name="testDivision_WithLargeRatio" classname="com.quantity.measurement.MeasurementApplicationTests" time="0.0"/>
  <testcase name="testGenericQuantity_ConstructorValidation_NullUnit" classname="com.quantity.measurement.MeasurementApplicationTests" time="0.002"/>
  <testcase name="testBackwardCompatibility_AllUC1Through9Tests" classname="com.quantity.measurement.MeasurementApplicationTests" time="0.001"/>
  <testcase name="testConversion_ZeroValue" classname="com.quantity.measurement.MeasurementApplicationTests" time="0.001"/>
  <testcase name="testSubtractionAddition_Inverse" classname="com.quantity.measurement.MeasurementApplicationTests" time="0.001"/>
  <testcase name="test_Conversion_NegativeValue" classname="com.quantity.measurement.MeasurementApplicationTests" time="0.001"/>
  <testcase name="testSubtraction_ResultingInZero" classname="com.quantity.measurement.MeasurementApplicationTests" time="0.001"/>
  <testcase name="testSubtraction_ExplicitTargetUnit_Inches" classname="com.quantity.measurement.MeasurementApplicationTests" time="0.001"/>
  <testcase name="testAddition_ExplicitTargetUnit_PrecisionTolerance" classname="com.quantity.measurement.MeasurementApplicationTests" time="0.001"/>
  <testcase name="testConversion_GallonToLitre" classname="com.quantity.measurement.MeasurementApplicationTests" time="0.001"/>
  <testcase name="testTypeErasure_RuntimeSafety" classname="com.quantity.measurement.MeasurementApplicationTests" time="0.0"/>
  <testcase name="testEquality_CentimetersSameReference" classname="com.quantity.measurement.MeasurementApplicationTests" time="0.0"/>
  <testcase name="testAddition_SameUnit_LitrePlusLitre" classname="com.quantity.measurement.MeasurementApplicationTests" time="0.0"/>
  <testcase name="testConversion_RoundTrip" classname="com.quantity.measurement.MeasurementApplicationTests" time="0.001"/>
  <testcase name="testDivision_CrossUnit_FeetDividedByInches" classname="com.quantity.measurement.MeasurementApplicationTests" time="0.001"/>
  <testcase name="testAddition_ExplicitTargetUnit_Millilitre" classname="com.quantity.measurement.MeasurementApplicationTests" time="0.001"/>
  <testcase name="testScalability_VolumeIntegration" classname="com.quantity.measurement.MeasurementApplicationTests" time="0.0"/>
  <testcase name="testVolumeUnitEnum_GallonConstant" classname="com.quantity.measurement.MeasurementApplicationTests" time="0.001"/>
  <testcase name="testSubtraction_CrossCategory" classname="com.quantity.measurement.MeasurementApplicationTests" time="0.001"/>
  <testcase name="testTypeWildcard_FlexibleSignatures" classname="com.quantity.measurement.MeasurementApplicationTests" time="0.002"/>
  <testcase name="testVolumeUnitEnum_MillilitreConstant" classname="com.quantity.measurement.MeasurementApplicationTests" time="0.0"/>
  <testcase name="testEquality_KilogramToGram_EquivalentValue" classname="com.quantity.measurement.MeasurementApplicationTests" time="0.001"/>
  <testcase name="testGenericQuantity_Conversion_AllUnitCombinations" classname="com.quantity.measurement.MeasurementApplicationTests" time="0.0"/>
  <testcase name="testAddition_CrossUnit_Length" classname="com.quantity.measurement.MeasurementApplicationTests" time="0.002"/>
  <testcase name="testScalability_NewUnitEnumIntegration" classname="com.quantity.measurement.MeasurementApplicationTests" time="0.001"/>
  <testcase name="testConversion_Zero_Value" classname="com.quantity.measurement.MeasurementApplicationTests" time="0.001"/>
  <testcase name="testEquality_TransitiveProperty" classname="com.quantity.measurement.MeasurementApplicationTests" time="0.001"/>
  <testcase name="testTemperatureEquality_CelsiusToFahrenheit_100Celsius212Fahrenheit" classname="com.quantity.measurement.MeasurementApplicationTests" time="0.001"/>
  <testcase name="testTemperatureVsLengthIncompatibility" classname="com.quantity.measurement.MeasurementApplicationTests" time="0.001"/>
  <testcase name="testAddition_SameUnit_Length" classname="com.quantity.measurement.MeasurementApplicationTests" time="0.001"/>
  <testcase name="testTemperatureUnsupportedOperation_Add" classname="com.quantity.measurement.MeasurementApplicationTests" time="0.002"/>
  <testcase name="testEquality_NullUnit" classname="com.quantity.measurement.MeasurementApplicationTests" time="0.001"/>
  <testcase name="testEquality_YardWithNullUnit" classname="com.quantity.measurement.MeasurementApplicationTests" time="0.002"/>
  <testcase name="testDivision_Immutability" classname="com.quantity.measurement.MeasurementApplicationTests" time="0.001"/>
  <testcase name="testDivision_VolumeUnits" classname="com.quantity.measurement.MeasurementApplicationTests" time="0.001"/>
  <testcase name="testEquality_YardToInches_EquivalentValue" classname="com.quantity.measurement.MeasurementApplicationTests" time="0.001"/>
  <testcase name="testAddition_RoundingCheck" classname="com.quantity.measurement.MeasurementApplicationTests" time="0.001"/>
  <testcase name="testAddition_CrossUnit_PoundPlusKilogram" classname="com.quantity.measurement.MeasurementApplicationTests" time="0.001"/>
  <testcase name="testQuantityLengthRefactored_Add" classname="com.quantity.measurement.MeasurementApplicationTests" time="0.001"/>
  <testcase name="testGenericQuantity_LengthOperations_Conversion" classname="com.quantity.measurement.MeasurementApplicationTests" time="0.0"/>
  <testcase name="testTemperatureBackwardCompatibility_UC1_Through_UC13" classname="com.quantity.measurement.MeasurementApplicationTests" time="0.001"/>
  <testcase name="testQuantityLengthRefactored_AddWithTargetUnit" classname="com.quantity.measurement.MeasurementApplicationTests" time="0.001"/>
  <testcase name="testConversion_NegativeValue" classname="com.quantity.measurement.MeasurementApplicationTests" time="0.001"/>
  <testcase name="testScalability_MultipleNewCategories" classname="com.quantity.measurement.MeasurementApplicationTests" time="0.0"/>
  <testcase name="testAddition_WeightUnits" classname="com.quantity.measurement.MeasurementApplicationTests" time="0.0"/>
  <testcase name="test_Addition_With_Zero" classname="com.quantity.measurement.MeasurementApplicationTests" time="0.0"/>
  <testcase name="testEquality_LitreToLitre_SameValue" classname="com.quantity.measurement.MeasurementApplicationTests" time="0.002"/>
  <testcase name="testAddition_ExplicitTargetUnit_WithZero" classname="com.quantity.measurement.MeasurementApplicationTests" time="0.0"/>
  <testcase name="testConvertFromBaseUnit_FeetToCentimeters" classname="com.quantity.measurement.MeasurementApplicationTests" time="0.0"/>
  <testcase name="testDivision_PrecisionHandling" classname="com.quantity.measurement.MeasurementApplicationTests" time="0.0"/>
  <testcase name="testAddition_SameUnit_InchPlusInch" classname="com.quantity.measurement.MeasurementApplicationTests" time="0.0"/>
  <testcase name="testTemperatureDefaultMethodInheritance" classname="com.quantity.measurement.MeasurementApplicationTests" time="0.0"/>
  <testcase name="testEquality_YardToFeet_EquivalentValue" classname="com.quantity.measurement.MeasurementApplicationTests" time="0.0"/>
  <testcase name="testCodeReduction_DRYValidation" classname="com.quantity.measurement.MeasurementApplicationTests" time="0.001"/>
  <testcase name="testSubtraction_WithLargeValues" classname="com.quantity.measurement.MeasurementApplicationTests" time="0.0"/>
  <testcase name="testConversion_KilogramToPound" classname="com.quantity.measurement.MeasurementApplicationTests" time="0.001"/>
  <testcase name="testEquality_CentimetersWithNullUnit" classname="com.quantity.measurement.MeasurementApplicationTests" time="0.002"/>
  <testcase name="testDivision_SameUnit" classname="com.quantity.measurement.MeasurementApplicationTests" time="0.001"/>
  <testcase name="testAddition_DifferentMeasurementTypes" classname="com.quantity.measurement.MeasurementApplicationTests" time="0.001"/>
  <testcase name="testAddition_ExplicitTargetUnit_Centimeters" classname="com.quantity.measurement.MeasurementApplicationTests" time="0.0"/>
  <testcase name="testEquality_LargeWeightValue" classname="com.quantity.measurement.MeasurementApplicationTests" time="0.001"/>
  <testcase name="testConvertToBaseUnit_YardsToFeet" classname="com.quantity.measurement.MeasurementApplicationTests" time="0.001"/>
  <testcase name="testAddition_CrossUnit_FeetPlusInches" classname="com.quantity.measurement.MeasurementApplicationTests" time="0.001"/>
  <testcase name="testArchitecturalReadiness_MultipleNewCategories" classname="com.quantity.measurement.MeasurementApplicationTests" time="0.0"/>
  <testcase name="testDivision_ByZero" classname="com.quantity.measurement.MeasurementApplicationTests" time="0.001"/>
  <testcase name="testGenericQuantity_LengthOperations_Equality" classname="com.quantity.measurement.MeasurementApplicationTests" time="0.002"/>
  <testcase name="testEquality_CentimetersToFeet_NonEquivalentValue" classname="com.quantity.measurement.MeasurementApplicationTests" time="0.001"/>
  <testcase name="test_Conversion_Negative_Value" classname="com.quantity.measurement.MeasurementApplicationTests" time="0.001"/>
  <testcase name="testEquality_VolumeVsLength_Incompatible" classname="com.quantity.measurement.MeasurementApplicationTests" time="0.001"/>
  <testcase name="testDivision_AllMeasurementCategories" classname="com.quantity.measurement.MeasurementApplicationTests" time="0.001"/>
  <testcase name="testAddition_ExplicitTargetUnit_Kilogram" classname="com.quantity.measurement.MeasurementApplicationTests" time="0.0"/>
  <testcase name="testAddition_NegativeValues" classname="com.quantity.measurement.MeasurementApplicationTests" time="0.0"/>
  <testcase name="testEquality_KilogramToKilogram_SameValue" classname="com.quantity.measurement.MeasurementApplicationTests" time="0.0"/>
  <testcase name="test_Equality_NullComparison" classname="com.quantity.measurement.MeasurementApplicationTests" time="0.002"/>
  <testcase name="testConvertFromBaseUnit_LitreToMillilitre" classname="com.quantity.measurement.MeasurementApplicationTests" time="0.001"/>
  <testcase name="testSubtraction_NonCommutative" classname="com.quantity.measurement.MeasurementApplicationTests" time="0.001"/>
  <testcase name="testEquality_InchesToYard_EquivalentValue" classname="com.quantity.measurement.MeasurementApplicationTests" time="0.001"/>
  <testcase name="testTemperatureConversion_NegativeValues" classname="com.quantity.measurement.MeasurementApplicationTests" time="0.0"/>
  <testcase name="testDivision_CrossUnit_KilogramDividedByGram" classname="com.quantity.measurement.MeasurementApplicationTests" time="0.001"/>
  <testcase name="testEquality_YardSameReference" classname="com.quantity.measurement.MeasurementApplicationTests" time="0.001"/>
  <testcase name="test_Addition_Commutativity" classname="com.quantity.measurement.MeasurementApplicationTests" time="0.002"/>
  <testcase name="testTemperatureIntegrationWithGenericQuantity" classname="com.quantity.measurement.MeasurementApplicationTests" time="0.001"/>
  <testcase name="testEquality_ZeroValue" classname="com.quantity.measurement.MeasurementApplicationTests" time="0.001"/>
  <testcase name="testAddition_Commutativity" classname="com.quantity.measurement.MeasurementApplicationTests" time="0.001"/>
  <testcase name="testCrossCategoryPrevention_LengthVsWeight" classname="com.quantity.measurement.MeasurementApplicationTests" time="0.001"/>
  <testcase name="testGenericQuantity_WeightOperations_Addition" classname="com.quantity.measurement.MeasurementApplicationTests" time="0.001"/>
  <testcase name="testDivision_NonCommutative" classname="com.quantity.measurement.MeasurementApplicationTests" time="0.001"/>
  <testcase name="testTemperatureUnit_AllConstants" classname="com.quantity.measurement.MeasurementApplicationTests" time="0.001"/>
  <testcase name="testAddition_SameUnit_KilogramPlusKilogram" classname="com.quantity.measurement.MeasurementApplicationTests" time="0.0"/>
  <testcase name="testTemperatureEquality_CelsiusToFahrenheit_Negative40Equal" classname="com.quantity.measurement.MeasurementApplicationTests" time="0.001"/>
  <testcase name="testQuantityMeasurementApp_SimplifiedDemonstration_Addition" classname="com.quantity.measurement.MeasurementApplicationTests" time="0.0"/>
  <testcase name="testAddition_LargeValues" classname="com.quantity.measurement.MeasurementApplicationTests" time="0.0"/>
  <testcase name="testSubtraction_WithSmallValues" classname="com.quantity.measurement.MeasurementApplicationTests" time="0.0"/>
  <testcase name="testConversion_LitreToGallon" classname="com.quantity.measurement.MeasurementApplicationTests" time="0.0"/>
  <testcase name="testTemperatureEnumImplementsIMeasurable" classname="com.quantity.measurement.MeasurementApplicationTests" time="0.0"/>
  <testcase name="testTemperatureConversion_FahrenheitToCelsius_VariousValues" classname="com.quantity.measurement.MeasurementApplicationTests" time="0.0"/>
  <testcase name="testConvertToBaseUnit_InchesToFeet" classname="com.quantity.measurement.MeasurementApplicationTests" time="0.001"/>
  <testcase name="test_Addition_Small_Values" classname="com.quantity.measurement.MeasurementApplicationTests" time="0.002"/>
  <testcase name="testAddition_CrossUnit_LitrePlusMillilitre" classname="com.quantity.measurement.MeasurementApplicationTests" time="0.001"/>
  <testcase name="testEquality_WeightUnits" classname="com.quantity.measurement.MeasurementApplicationTests" time="0.001"/>
  <testcase name="testQuantityLengthRefactored_ConvertTo" classname="com.quantity.measurement.MeasurementApplicationTests" time="0.001"/>
  <testcase name="testAddition_CrossUnit_YardPlusFeet" classname="com.quantity.measurement.MeasurementApplicationTests" time="0.0"/>
  <testcase name="testEquality_YardToYard_SameValue" classname="com.quantity.measurement.MeasurementApplicationTests" time="0.001"/>
  <testcase name="testAddition_WithNegativeValue" classname="com.quantity.measurement.MeasurementApplicationTests" time="0.001"/>
  <testcase name="testSubtraction_WeightUnits" classname="com.quantity.measurement.MeasurementApplicationTests" time="0.0"/>
  <testcase name="testConvertFromBaseUnit_FeetToFeet" classname="com.quantity.measurement.MeasurementApplicationTests" time="0.001"/>
  <testcase name="testIMeasurableInterface_ConsistentBehavior" classname="com.quantity.measurement.MeasurementApplicationTests" time="0.001"/>
  <testcase name="testAddition_CrossUnit_MillilitrePlusLitre" classname="com.quantity.measurement.MeasurementApplicationTests" time="0.0"/>
  <testcase name="testEquality_YardToYard_DifferentValue" classname="com.quantity.measurement.MeasurementApplicationTests" time="0.0"/>
  <testcase name="testAddition_ExplicitTargetUnit_Gallon" classname="com.quantity.measurement.MeasurementApplicationTests" time="0.0"/>
  <testcase name="testQuantityLengthRefactored_Equality" classname="com.quantity.measurement.MeasurementApplicationTests" time="0.001"/>
  <testcase name="testConvertFromBaseUnit_FeetToYards" classname="com.quantity.measurement.MeasurementApplicationTests" time="0.001"/>
  <testcase name="testIMeasurableInterface_BackwardCompatible" classname="com.quantity.measurement.MeasurementApplicationTests" time="0.001"/>
  <testcase name="testDivision_RatioGreaterThanOne" classname="com.quantity.measurement.MeasurementApplicationTests" time="0.001"/>
  <testcase name="testSmallValues_Addition" classname="com.quantity.measurement.MeasurementApplicationTests" time="0.001"/>
  <testcase name="testSubtraction_ExplicitTargetUnit_Millilitre" classname="com.quantity.measurement.MeasurementApplicationTests" time="0.001"/>
  <testcase name="testIMeasurableInterface_WeightUnitImplementation" classname="com.quantity.measurement.MeasurementApplicationTests" time="0.0"/>
  <testcase name="testAddition_ExplicitTargetUnit_Inches" classname="com.quantity.measurement.MeasurementApplicationTests" time="0.0"/>
  <testcase name="testGenericQuantity_Addition_AllUnitCombinations" classname="com.quantity.measurement.MeasurementApplicationTests" time="0.001"/>
  <testcase name="testConversion_FeetToInches" classname="com.quantity.measurement.MeasurementApplicationTests" time="0.001"/>
  <testcase name="testIMeasurableInterface_LengthUnitImplementation" classname="com.quantity.measurement.MeasurementApplicationTests" time="0.001"/>
  <testcase name="testEquals_GenericQuantity_ContractPreservation" classname="com.quantity.measurement.MeasurementApplicationTests" time="0.0"/>
  <testcase name="testAddition_RoundingPrecision" classname="com.quantity.measurement.MeasurementApplicationTests" time="0.001"/>
  <testcase name="testTemperatureNullUnitValidation" classname="com.quantity.measurement.MeasurementApplicationTests" time="0.001"/>
  <testcase name="testEquality_MultiUnit_TransitiveProperty" classname="com.quantity.measurement.MeasurementApplicationTests" time="0.001"/>
  <testcase name="testTemperatureEquality_CelsiusToCelsius_SameValue" classname="com.quantity.measurement.MeasurementApplicationTests" time="0.001"/>
  <testcase name="testDivision_NullOperand" classname="com.quantity.measurement.MeasurementApplicationTests" time="0.001"/>
  <testcase name="testAddition_CrossUnit_CentimeterPlusInch" classname="com.quantity.measurement.MeasurementApplicationTests" time="0.001"/>
  <testcase name="testTemperatureVsWeightIncompatibility" classname="com.quantity.measurement.MeasurementApplicationTests" time="0.001"/>
  <testcase name="testSubtraction_SameUnit_FeetMinusFeet" classname="com.quantity.measurement.MeasurementApplicationTests" time="0.001"/>
  <testcase name="testSubtraction_Immutability" classname="com.quantity.measurement.MeasurementApplicationTests" time="0.001"/>
  <testcase name="testAddition_CrossUnit_InchPlusFeet" classname="com.quantity.measurement.MeasurementApplicationTests" time="0.0"/>
  <testcase name="testOperationSupportMethods_TemperatureUnit_Addition" classname="com.quantity.measurement.MeasurementApplicationTests" time="0.0"/>
  <testcase name="testEquality_SmallWeightValue" classname="com.quantity.measurement.MeasurementApplicationTests" time="0.002"/>
  <testcase name="test_Conversion_Round_Trip" classname="com.quantity.measurement.MeasurementApplicationTests" time="0.001"/>
  <testcase name="testTemperatureConversion_CelsiusToKelvin" classname="com.quantity.measurement.MeasurementApplicationTests" time="0.0"/>
  <testcase name="testDivision_RatioLessThanOne" classname="com.quantity.measurement.MeasurementApplicationTests" time="0.001"/>
  <testcase name="testImmutability_AddOperation" classname="com.quantity.measurement.MeasurementApplicationTests" time="0.001"/>
  <testcase name="testAddition_VolumeUnits" classname="com.quantity.measurement.MeasurementApplicationTests" time="0.001"/>
  <testcase name="testTemperatureEquality_SymmetricProperty" classname="com.quantity.measurement.MeasurementApplicationTests" time="0.001"/>
  <testcase name="testTemperatureEquality_FahrenheitToFahrenheit_SameValue" classname="com.quantity.measurement.MeasurementApplicationTests" time="0.002"/>
  <testcase name="testAddition_CrossUnit_KilogramPlusGram" classname="com.quantity.measurement.MeasurementApplicationTests" time="0.001"/>
  <testcase name="testAddition_SmallValues" classname="com.quantity.measurement.MeasurementApplicationTests" time="0.001"/>
  <testcase name="testEquality_WeightVsLength_Incompatible" classname="com.quantity.measurement.MeasurementApplicationTests" time="0.001"/>
  <testcase name="testTemperatureValidateOperationSupport_Throws" classname="com.quantity.measurement.MeasurementApplicationTests" time="0.002"/>
  <testcase name="testConversion_PoundToKilogram_Weight" classname="com.quantity.measurement.MeasurementApplicationTests" time="0.002"/>
  <testcase name="testEquality_YardNullComparison" classname="com.quantity.measurement.MeasurementApplicationTests" time="0.001"/>
  <testcase name="testAddition_ExplicitTargetUnit_AllUnitCombinations" classname="com.quantity.measurement.MeasurementApplicationTests" time="0.001"/>
  <testcase name="testVolumeUnitEnum_LitreConstant" classname="com.quantity.measurement.MeasurementApplicationTests" time="0.0"/>
  <testcase name="testSubtraction_ChainedOperations" classname="com.quantity.measurement.MeasurementApplicationTests" time="0.001"/>
  <testcase name="testAddition_Large_Values" classname="com.quantity.measurement.MeasurementApplicationTests" time="0.001"/>
  <testcase name="testEquality_LargeVolumeValue" classname="com.quantity.measurement.MeasurementApplicationTests" time="0.001"/>
  <testcase name="testAddition_ExplicitTargetUnit_Litre" classname="com.quantity.measurement.MeasurementApplicationTests" time="0.001"/>
  <testcase name="testTemperatureEquality_CelsiusToFahrenheit_0Celsius32Fahrenheit" classname="com.quantity.measurement.MeasurementApplicationTests" time="0.002"/>
  <testcase name="testEquality_DifferentTypes" classname="com.quantity.measurement.MeasurementApplicationTests" time="0.001"/>
  <testcase name="testAddition_ExplicitTargetUnit_Yards" classname="com.quantity.measurement.MeasurementApplicationTests" time="0.001"/>
  <testcase name="testAddition_WithTargetUnit_Length" classname="com.quantity.measurement.MeasurementApplicationTests" time="0.0"/>
  <testcase name="testConversion_InchesToYards" classname="com.quantity.measurement.MeasurementApplicationTests" time="0.001"/>
  <testcase name="testEquality_SameReference" classname="com.quantity.measurement.MeasurementApplicationTests" time="0.002"/>
  <testcase name="testSubtraction_SameUnit_LitreMinusLitre" classname="com.quantity.measurement.MeasurementApplicationTests" time="0.002"/>
  <testcase name="testLengthUnitEnum_CentimetersConstant" classname="com.quantity.measurement.MeasurementApplicationTests" time="0.002"/>
  <testcase name="testDivision_ResultPrecision" classname="com.quantity.measurement.MeasurementApplicationTests" time="0.001"/>
  <testcase name="testEquality_NullComparison" classname="com.quantity.measurement.MeasurementApplicationTests" time="0.0"/>
  <testcase name="testDivision_CrossCategory" classname="com.quantity.measurement.MeasurementApplicationTests" time="0.001"/>
  <testcase name="testEquality_Null_Unit" classname="com.quantity.measurement.MeasurementApplicationTests" time="0.002"/>
  <testcase name="testTemperatureEquality_DifferentValues" classname="com.quantity.measurement.MeasurementApplicationTests" time="0.001"/>
  <testcase name="testDivision_SameUnit_FeetDividedByFeet" classname="com.quantity.measurement.MeasurementApplicationTests" time="0.001"/>
  <testcase name="testEquality_LitreToMillilitre_EquivalentValue" classname="com.quantity.measurement.MeasurementApplicationTests" time="0.0"/>
  <testcase name="testDivision_NullInput" classname="com.quantity.measurement.MeasurementApplicationTests" time="0.002"/>
  <testcase name="testSubtraction_CrossUnit_InchesMinusFeet" classname="com.quantity.measurement.MeasurementApplicationTests" time="0.0"/>
  <testcase name="testConvertFromBaseUnit_FeetToInches" classname="com.quantity.measurement.MeasurementApplicationTests" time="0.0"/>
  <testcase name="testConvertToBaseUnit_GallonToLitre" classname="com.quantity.measurement.MeasurementApplicationTests" time="0.001"/>
  <testcase name="testAddition_SameUnit_MillilitrePlusMillilitre" classname="com.quantity.measurement.MeasurementApplicationTests" time="0.001"/>
  <testcase name="testSubtractionAndDivision_Integration" classname="com.quantity.measurement.MeasurementApplicationTests" time="0.001"/>
  <testcase name="testQuantityMeasurementApp_SimplifiedDemonstration_Conversion" classname="com.quantity.measurement.MeasurementApplicationTests" time="0.001"/>
  <testcase name="testSubtraction_ResultingInNegative" classname="com.quantity.measurement.MeasurementApplicationTests" time="0.001"/>
  <testcase name="testTemperatureConversion_RoundTrip_PreservesValue" classname="com.quantity.measurement.MeasurementApplicationTests" time="0.001"/>
  <testcase name="testAddition__Commutativity" classname="com.quantity.measurement.MeasurementApplicationTests" time="0.001"/>
  <testcase name="testLengthUnitEnum_InchesConstant" classname="com.quantity.measurement.MeasurementApplicationTests" time="0.0"/>
  <testcase name="testImmutability_GenericQuantity" classname="com.quantity.measurement.MeasurementApplicationTests" time="0.001"/>
  <testcase name="testSubtraction_WithTargetUnit" classname="com.quantity.measurement.MeasurementApplicationTests" time="0.001"/>
  <testcase name="testConversion_MillilitreToGallon" classname="com.quantity.measurement.MeasurementApplicationTests" time="0.002"/>
  <testcase name="test_Addition_Large_Values" classname="com.quantity.measurement.MeasurementApplicationTests" time="0.001"/>
  <testcase name="testEquality_CrossUnit" classname="com.quantity.measurement.MeasurementApplicationTests" time="0.003"/>
  <testcase name="testEquality_LitreToLitre_DifferentValue" classname="com.quantity.measurement.MeasurementApplicationTests" time="0.001"/>
  <testcase name="testOperationSupportMethods_LengthUnit_Addition" classname="com.quantity.measurement.MeasurementApplicationTests" time="0.0"/>
  <testcase name="testTemperatureEquality_ReflexiveProperty" classname="com.quantity.measurement.MeasurementApplicationTests" time="0.001"/>
  <testcase name="testUnitImmutability" classname="com.quantity.measurement.MeasurementApplicationTests" time="0.002"/>
  <testcase name="testConversion_MillilitreToLitre" classname="com.quantity.measurement.MeasurementApplicationTests" time="0.0"/>
  <testcase name="testOperationSupportMethods_WeightUnit_Division" classname="com.quantity.measurement.MeasurementApplicationTests" time="0.001"/>
  <testcase name="testSubtraction_NullInput" classname="com.quantity.measurement.MeasurementApplicationTests" time="0.002"/>
  <testcase name="testDivision_CrossUnit" classname="com.quantity.measurement.MeasurementApplicationTests" time="0.001"/>
  <testcase name="testTemperatureConversion_SameUnit" classname="com.quantity.measurement.MeasurementApplicationTests" time="0.001"/>
  <testcase name="testEquality_VolumeUnits" classname="com.quantity.measurement.MeasurementApplicationTests" time="0.001"/>
  <testcase name="testConversion_SameUnit" classname="com.quantity.measurement.MeasurementApplicationTests" time="0.002"/>
  <testcase name="testConvertToBaseUnit_CentimetersToFeet" classname="com.quantity.measurement.MeasurementApplicationTests" time="0.0"/>
  <testcase name="testTemperatureEquality_KelvinToKelvin_SameValue" classname="com.quantity.measurement.MeasurementApplicationTests" time="0.0"/>
  <testcase name="testConversion_InchesToFeet" classname="com.quantity.measurement.MeasurementApplicationTests" time="0.0"/>
  <testcase name="testEquality_NegativeVolume" classname="com.quantity.measurement.MeasurementApplicationTests" time="0.001"/>
  <testcase name="testBackwardCompatibility_UC4" classname="com.quantity.measurement.MeasurementApplicationTests" time="0.001"/>
  <testcase name="testBackwardCompatibility_UC5" classname="com.quantity.measurement.MeasurementApplicationTests" time="0.001"/>
  <testcase name="testBackwardCompatibility_UC6" classname="com.quantity.measurement.MeasurementApplicationTests" time="0.001"/>
  <testcase name="testBackwardCompatibility_UC7" classname="com.quantity.measurement.MeasurementApplicationTests" time="0.0"/>
  <testcase name="testAddition_CrossUnit_GallonPlusLitre" classname="com.quantity.measurement.MeasurementApplicationTests" time="0.0"/>
  <testcase name="test_Subtraction_NegativeResult" classname="com.quantity.measurement.MeasurementApplicationTests" time="0.001"/>
  <testcase name="test_Division_ByZero" classname="com.quantity.measurement.MeasurementApplicationTests" time="0.001"/>
  <testcase name="testEquality_NegativeWeight" classname="com.quantity.measurement.MeasurementApplicationTests" time="0.001"/>
  <testcase name="testGenericQuantity_VolumeOperations_Consistency" classname="com.quantity.measurement.MeasurementApplicationTests" time="0.001"/>
  <testcase name="testSubtraction_VolumeUnits" classname="com.quantity.measurement.MeasurementApplicationTests" time="0.001"/>
  <testcase name="testAddition_With_Zero" classname="com.quantity.measurement.MeasurementApplicationTests" time="0.0"/>
  <testcase name="testGenericQuantity_ConstructorValidation_InvalidValue" classname="com.quantity.measurement.MeasurementApplicationTests" time="0.001"/>
  <testcase name="testAddition_SameUnit_FeetPlusFeet" classname="com.quantity.measurement.MeasurementApplicationTests" time="0.001"/>
  <testcase name="testGenericQuantity_WeightOperations_Equality" classname="com.quantity.measurement.MeasurementApplicationTests" time="0.001"/>
  <testcase name="testHashCode_GenericQuantity_Consistency" classname="com.quantity.measurement.MeasurementApplicationTests" time="0.0"/>
  <testcase name="testAddition_NullInput" classname="com.quantity.measurement.MeasurementApplicationTests" time="0.001"/>
  <testcase name="testTemperatureEquality_100CelsiusTo373_15Kelvin" classname="com.quantity.measurement.MeasurementApplicationTests" time="0.001"/>
  <testcase name="test_Equality_ZeroValue" classname="com.quantity.measurement.MeasurementApplicationTests" time="0.001"/>
  <testcase name="test_Conversion_ZeroValue" classname="com.quantity.measurement.MeasurementApplicationTests" time="0.001"/>
  <testcase name="testLargeValues_Addition" classname="com.quantity.measurement.MeasurementApplicationTests" time="0.002"/>
  <testcase name="testSubtraction_CrossUnit" classname="com.quantity.measurement.MeasurementApplicationTests" time="0.0"/>
  <testcase name="testTemperatureConversionPrecision_Epsilon" classname="com.quantity.measurement.MeasurementApplicationTests" time="0.001"/>
  <testcase name="testQuantityMeasurementApp_SimplifiedDemonstration_Equality" classname="com.quantity.measurement.MeasurementApplicationTests" time="0.002"/>
  <testcase name="testTemperatureConversion_KelvinToCelsius" classname="com.quantity.measurement.MeasurementApplicationTests" time="0.001"/>
  <testcase name="testConversion_CentimetersToInches" classname="com.quantity.measurement.MeasurementApplicationTests" time="0.0"/>
  <testcase name="testEquality_SmallVolumeValue" classname="com.quantity.measurement.MeasurementApplicationTests" time="0.0"/>
  <testcase name="testAddition_ExplicitTargetUnit_NegativeValues" classname="com.quantity.measurement.MeasurementApplicationTests" time="0.0"/>
  <testcase name="testAddition_ExplicitTargetUnit_SameAsSecondOperand" classname="com.quantity.measurement.MeasurementApplicationTests" time="0.002"/>
  <testcase name="test_Conversion_RoundTrip" classname="com.quantity.measurement.MeasurementApplicationTests" time="0.0"/>
  <testcase name="testConversion_NaNOrInfinite_Throws" classname="com.quantity.measurement.MeasurementApplicationTests" time="0.001"/>
  <testcase name="testAddition_WithZeroValue" classname="com.quantity.measurement.MeasurementApplicationTests" time="0.001"/>
  <testcase name="testAddition_WithZero" classname="com.quantity.measurement.MeasurementApplicationTests" time="0.001"/>
  <testcase name="testLengthUnitEnum_FeetConstant" classname="com.quantity.measurement.MeasurementApplicationTests" time="0.0"/>
  <testcase name="testTemperatureConversion_CelsiusToFahrenheit_VariousValues" classname="com.quantity.measurement.MeasurementApplicationTests" time="0.0"/>
  <testcase name="testGenericQuantity_LengthOperations_Addition" classname="com.quantity.measurement.MeasurementApplicationTests" time="0.0"/>
  <testcase name="testEquality_SameReference1" classname="com.quantity.measurement.MeasurementApplicationTests" time="0.002"/>
  <testcase name="testEquality_KilogramToKilogram_DifferentValue" classname="com.quantity.measurement.MeasurementApplicationTests" time="0.001"/>
  <testcase name="testConversion_YardsToInches" classname="com.quantity.measurement.MeasurementApplicationTests" time="0.001"/>
  <testcase name="testQuantityLengthRefactored_NullUnit" classname="com.quantity.measurement.MeasurementApplicationTests" time="0.001"/>
</testsuite>